# JRE version: OpenJDK Runtime Environment (11.0.12+7) (build 11.0.12+7-b1504.28-7817840)
# Java VM: OpenJDK 64-Bit Server VM (11.0.12+7-b1504.28-7817840, mixed mode, tiered, compressed oops, g1 gc, windows-amd64)
Heap:
 garbage-first heap   total 155648K, used 130131K [0x00000000a0000000, 0x0000000100000000)
  region size 1024K, 18 young (18432K), 2 survivors (2048K)
 Metaspace       used 89878K, capacity 92976K, committed 93052K, reserved 1130496K
  class space    used 11909K, capacity 13009K, committed 13056K, reserved 1048576K
GC Heap History (20 events):
Event: 17.680 GC heap before
{Heap before GC invocations=35 (full 0):
 garbage-first heap   total 155648K, used 115216K [0x00000000a0000000, 0x0000000100000000)
  region size 1024K, 24 young (24576K), 2 survivors (2048K)
 Metaspace       used 78769K, capacity 81300K, committed 81532K, reserved 1120256K
  class space    used 10313K, capacity 11246K, committed 11264K, reserved 1048576K
}
Event: 17.686 GC heap after
{Heap after GC invocations=36 (full 0):
 garbage-first heap   total 155648K, used 96335K [0x00000000a0000000, 0x0000000100000000)
  region size 1024K, 3 young (3072K), 3 survivors (3072K)
 Metaspace       used 78769K, capacity 81300K, committed 81532K, reserved 1120256K
  class space    used 10313K, capacity 11246K, committed 11264K, reserved 1048576K
}
Event: 18.180 GC heap before
{Heap before GC invocations=36 (full 0):
 garbage-first heap   total 155648K, used 117839K [0x00000000a0000000, 0x0000000100000000)
  region size 1024K, 24 young (24576K), 3 survivors (3072K)
 Metaspace       used 80416K, capacity 82964K, committed 83068K, reserved 1120256K
  class space    used 10544K, capacity 11451K, committed 11520K, reserved 1048576K
}
Event: 18.193 GC heap after
{Heap after GC invocations=37 (full 0):
 garbage-first heap   total 155648K, used 98487K [0x00000000a0000000, 0x0000000100000000)
  region size 1024K, 2 young (2048K), 2 survivors (2048K)
 Metaspace       used 80416K, capacity 82964K, committed 83068K, reserved 1120256K
  class space    used 10544K, capacity 11451K, committed 11520K, reserved 1048576K
}
Event: 18.627 GC heap before
{Heap before GC invocations=38 (full 0):
 garbage-first heap   total 155648K, used 119991K [0x00000000a0000000, 0x0000000100000000)
  region size 1024K, 23 young (23552K), 2 survivors (2048K)
 Metaspace       used 82482K, capacity 85122K, committed 85244K, reserved 1122304K
  class space    used 10882K, capacity 11820K, committed 11904K, reserved 1048576K
}
Event: 18.631 GC heap after
{Heap after GC invocations=39 (full 0):
 garbage-first heap   total 155648K, used 99617K [0x00000000a0000000, 0x0000000100000000)
  region size 1024K, 1 young (1024K), 1 survivors (1024K)
 Metaspace       used 82482K, capacity 85122K, committed 85244K, reserved 1122304K
  class space    used 10882K, capacity 11820K, committed 11904K, reserved 1048576K
}
Event: 19.333 GC heap before
{Heap before GC invocations=39 (full 0):
 garbage-first heap   total 155648K, used 122145K [0x00000000a0000000, 0x0000000100000000)
  region size 1024K, 23 young (23552K), 1 survivors (1024K)
 Metaspace       used 85305K, capacity 88012K, committed 88060K, reserved 1126400K
  class space    used 11222K, capacity 12158K, committed 12160K, reserved 1048576K
}
Event: 19.340 GC heap after
{Heap after GC invocations=40 (full 0):
 garbage-first heap   total 155648K, used 100945K [0x00000000a0000000, 0x0000000100000000)
  region size 1024K, 3 young (3072K), 3 survivors (3072K)
 Metaspace       used 85305K, capacity 88012K, committed 88060K, reserved 1126400K
  class space    used 11222K, capacity 12158K, committed 12160K, reserved 1048576K
}
Event: 19.687 GC heap before
{Heap before GC invocations=41 (full 0):
 garbage-first heap   total 155648K, used 123473K [0x00000000a0000000, 0x0000000100000000)
  region size 1024K, 25 young (25600K), 3 survivors (3072K)
 Metaspace       used 86632K, capacity 89412K, committed 89596K, reserved 1126400K
  class space    used 11378K, capacity 12338K, committed 12416K, reserved 1048576K
}
Event: 19.692 GC heap after
{Heap after GC invocations=42 (full 0):
 garbage-first heap   total 155648K, used 103398K [0x00000000a0000000, 0x0000000100000000)
  region size 1024K, 4 young (4096K), 4 survivors (4096K)
 Metaspace       used 86632K, capacity 89412K, committed 89596K, reserved 1126400K
  class space    used 11378K, capacity 12338K, committed 12416K, reserved 1048576K
}
Event: 20.218 GC heap before
{Heap before GC invocations=42 (full 0):
 garbage-first heap   total 155648K, used 124902K [0x00000000a0000000, 0x0000000100000000)
  region size 1024K, 26 young (26624K), 4 survivors (4096K)
 Metaspace       used 87198K, capacity 89965K, committed 90108K, reserved 1126400K
  class space    used 11433K, capacity 12371K, committed 12416K, reserved 1048576K
}
Event: 20.226 GC heap after
{Heap after GC invocations=43 (full 0):
 garbage-first heap   total 155648K, used 108183K [0x00000000a0000000, 0x0000000100000000)
  region size 1024K, 4 young (4096K), 4 survivors (4096K)
 Metaspace       used 87198K, capacity 89965K, committed 90108K, reserved 1126400K
  class space    used 11433K, capacity 12371K, committed 12416K, reserved 1048576K
}
Event: 20.574 GC heap before
{Heap before GC invocations=44 (full 0):
 garbage-first heap   total 155648K, used 128663K [0x00000000a0000000, 0x0000000100000000)
  region size 1024K, 24 young (24576K), 4 survivors (4096K)
 Metaspace       used 88161K, capacity 91102K, committed 91388K, reserved 1128448K
  class space    used 11575K, capacity 12573K, committed 12672K, reserved 1048576K
}
Event: 20.579 GC heap after
{Heap after GC invocations=45 (full 0):
 garbage-first heap   total 155648K, used 110854K [0x00000000a0000000, 0x0000000100000000)
  region size 1024K, 3 young (3072K), 3 survivors (3072K)
 Metaspace       used 88161K, capacity 91102K, committed 91388K, reserved 1128448K
  class space    used 11575K, capacity 12573K, committed 12672K, reserved 1048576K
}
Event: 20.890 GC heap before
{Heap before GC invocations=45 (full 0):
 garbage-first heap   total 155648K, used 122118K [0x00000000a0000000, 0x0000000100000000)
  region size 1024K, 16 young (16384K), 3 survivors (3072K)
 Metaspace       used 88944K, capacity 91986K, committed 92028K, reserved 1128448K
  class space    used 11739K, capacity 12785K, committed 12800K, reserved 1048576K
}
Event: 20.893 GC heap after
{Heap after GC invocations=46 (full 0):
 garbage-first heap   total 155648K, used 112004K [0x00000000a0000000, 0x0000000100000000)
  region size 1024K, 1 young (1024K), 1 survivors (1024K)
 Metaspace       used 88944K, capacity 91986K, committed 92028K, reserved 1128448K
  class space    used 11739K, capacity 12785K, committed 12800K, reserved 1048576K
}
Event: 21.201 GC heap before
{Heap before GC invocations=47 (full 0):
 garbage-first heap   total 155648K, used 132484K [0x00000000a0000000, 0x0000000100000000)
  region size 1024K, 20 young (20480K), 1 survivors (1024K)
 Metaspace       used 89114K, capacity 92192K, committed 92412K, reserved 1128448K
  class space    used 11772K, capacity 12832K, committed 12928K, reserved 1048576K
}
Event: 21.204 GC heap after
{Heap after GC invocations=48 (full 0):
 garbage-first heap   total 155648K, used 113597K [0x00000000a0000000, 0x0000000100000000)
  region size 1024K, 3 young (3072K), 3 survivors (3072K)
 Metaspace       used 89114K, capacity 92192K, committed 92412K, reserved 1128448K
  class space    used 11772K, capacity 12832K, committed 12928K, reserved 1048576K
}
Event: 21.430 GC heap before
{Heap before GC invocations=48 (full 0):
 garbage-first heap   total 155648K, used 129981K [0x00000000a0000000, 0x0000000100000000)
  region size 1024K, 20 young (20480K), 3 survivors (3072K)
 Metaspace       used 89183K, capacity 92213K, committed 92412K, reserved 1128448K
  class space    used 11782K, capacity 12838K, committed 12928K, reserved 1048576K
}
Event: 21.436 GC heap after
{Heap after GC invocations=49 (full 0):
 garbage-first heap   total 155648K, used 114771K [0x00000000a0000000, 0x0000000100000000)
  region size 1024K, 2 young (2048K), 2 survivors (2048K)
 Metaspace       used 89183K, capacity 92213K, committed 92412K, reserved 1128448K
  class space    used 11782K, capacity 12838K, committed 12928K, reserved 1048576K
}

